\\vmwfil01\homedrives67$\p514846\visual studio 2015\projects\shaders17\dxframework\debug\dxframework.pdb
\\vmwfil01\homedrives67$\p514846\visual studio 2015\projects\shaders17\dxframework\debug\dxframework.idb
\\vmwfil01\homedrives67$\p514846\visual studio 2015\projects\shaders17\dxframework\debug\d3d.obj
\\vmwfil01\homedrives67$\p514846\visual studio 2015\projects\shaders17\dxframework\debug\imgui.obj
\\vmwfil01\homedrives67$\p514846\visual studio 2015\projects\shaders17\dxframework\debug\imgui_demo.obj
\\vmwfil01\homedrives67$\p514846\visual studio 2015\projects\shaders17\dxframework\debug\imgui_draw.obj
\\vmwfil01\homedrives67$\p514846\visual studio 2015\projects\shaders17\dxframework\debug\imgui_impl_dx11.obj
\\vmwfil01\homedrives67$\p514846\visual studio 2015\projects\shaders17\dxframework\debug\input.obj
\\vmwfil01\homedrives67$\p514846\visual studio 2015\projects\shaders17\dxframework\debug\light.obj
\\vmwfil01\homedrives67$\p514846\visual studio 2015\projects\shaders17\dxframework\debug\model.obj
\\vmwfil01\homedrives67$\p514846\visual studio 2015\projects\shaders17\dxframework\debug\orthomesh.obj
\\vmwfil01\homedrives67$\p514846\visual studio 2015\projects\shaders17\dxframework\debug\planemesh.obj
\\vmwfil01\homedrives67$\p514846\visual studio 2015\projects\shaders17\dxframework\debug\pointmesh.obj
\\vmwfil01\homedrives67$\p514846\visual studio 2015\projects\shaders17\dxframework\debug\quadmesh.obj
\\vmwfil01\homedrives67$\p514846\visual studio 2015\projects\shaders17\dxframework\debug\rendertexture.obj
\\vmwfil01\homedrives67$\p514846\visual studio 2015\projects\shaders17\dxframework\debug\spheremesh.obj
\\vmwfil01\homedrives67$\p514846\visual studio 2015\projects\shaders17\dxframework\debug\system.obj
\\vmwfil01\homedrives67$\p514846\visual studio 2015\projects\shaders17\dxframework\debug\tessellationmesh.obj
\\vmwfil01\homedrives67$\p514846\visual studio 2015\projects\shaders17\dxframework\debug\texturemanager.obj
\\vmwfil01\homedrives67$\p514846\visual studio 2015\projects\shaders17\dxframework\debug\timer.obj
\\vmwfil01\homedrives67$\p514846\visual studio 2015\projects\shaders17\dxframework\debug\tokenstream.obj
\\vmwfil01\homedrives67$\p514846\visual studio 2015\projects\shaders17\dxframework\debug\trianglemesh.obj
\\vmwfil01\homedrives67$\p514846\visual studio 2015\projects\shaders17\dxframework\debug\baseapplication.obj
\\vmwfil01\homedrives67$\p514846\visual studio 2015\projects\shaders17\dxframework\debug\basemesh.obj
\\vmwfil01\homedrives67$\p514846\visual studio 2015\projects\shaders17\dxframework\debug\baseshader.obj
\\vmwfil01\homedrives67$\p514846\visual studio 2015\projects\shaders17\dxframework\debug\camera.obj
\\vmwfil01\homedrives67$\p514846\visual studio 2015\projects\shaders17\dxframework\debug\cubemesh.obj
\\vmwfil01\homedrives67$\p514846\visual studio 2015\projects\shaders17\debug\dxframework.lib
\\vmwfil01\homedrives67$\p514846\visual studio 2015\projects\shaders17\debug\dxframework.pdb
\\vmwfil01\homedrives67$\p514846\visual studio 2015\projects\shaders17\dxframework\debug\dxframework.tlog\cl.command.1.tlog
\\vmwfil01\homedrives67$\p514846\visual studio 2015\projects\shaders17\dxframework\debug\dxframework.tlog\cl.read.1.tlog
\\vmwfil01\homedrives67$\p514846\visual studio 2015\projects\shaders17\dxframework\debug\dxframework.tlog\cl.write.1.tlog
\\vmwfil01\homedrives67$\p514846\visual studio 2015\projects\shaders17\dxframework\debug\dxframework.tlog\lib-link.read.1.tlog
\\vmwfil01\homedrives67$\p514846\visual studio 2015\projects\shaders17\dxframework\debug\dxframework.tlog\lib-link.write.1.tlog
\\vmwfil01\homedrives67$\p514846\visual studio 2015\projects\shaders17\dxframework\debug\dxframework.tlog\lib.command.1.tlog
